-------------------------------------------------------------------------------
Test set: Test set "Student: Settings - Password"
-------------------------------------------------------------------------------
Tests run: 1, Failures: 0, Errors: 1, Skipped: 0, Time elapsed: 11.285 s <<< FAILURE! - in Test set "Student: Settings - Password"
Test set "Student: Settings - Password".Change student password Positive with Daria Step definitions  Time elapsed: 10.962 s  <<< ERROR!
org.openqa.selenium.NoSuchElementException: 
no such element: Unable to locate element: {"method":"xpath","selector":"//h5[contains(text(),'Settings')]"}
  (Session info: chrome=110.0.5481.100)
For documentation on this error, please visit: https://www.seleniumhq.org/exceptions/no_such_element.html
Build info: version: '3.141.59', revision: 'e82be7d358', time: '2018-11-14T08:17:03'
System info: host: 'MTVC02PQ1J3G8WL', ip: 'fd08:aca2:f8dc:0:d55:4f1:cd1a:139c%en0', os.name: 'Mac OS X', os.arch: 'x86_64', os.version: '10.15.7', java.version: '14.0.2'
Driver info: org.openqa.selenium.chrome.ChromeDriver
Capabilities {acceptInsecureCerts: false, browserName: chrome, browserVersion: 110.0.5481.100, chrome: {chromedriverVersion: 110.0.5481.77 (65ed616c6e8e..., userDataDir: /var/folders/m9/j2vnwyrn3hz...}, goog:chromeOptions: {debuggerAddress: localhost:50165}, javascriptEnabled: true, networkConnectionEnabled: false, pageLoadStrategy: normal, platform: MAC, platformName: MAC, proxy: Proxy(), setWindowRect: true, strictFileInteractability: false, timeouts: {implicit: 0, pageLoad: 300000, script: 30000}, unhandledPromptBehavior: dismiss and notify, webauthn:extension:credBlob: true, webauthn:extension:largeBlob: true, webauthn:virtualAuthenticators: true}
Session ID: 033f193336eb01e676e3665ebd9d0434
*** Element info: {Using=xpath, value=//h5[contains(text(),'Settings')]}

